<?xml version="1.0" encoding="UTF-8"?>
<testng-results skipped="0" failed="0" total="1" passed="1">
  <reporter-output>
  </reporter-output>
  <suite name="Suite" duration-ms="13449" started-at="2020-11-27T17:58:16Z" finished-at="2020-11-27T17:58:30Z">
    <groups>
    </groups>
    <test name="Test" duration-ms="13449" started-at="2020-11-27T17:58:16Z" finished-at="2020-11-27T17:58:30Z">
      <class name="NewTest">
        <test-method status="PASS" signature="beforeTest()[pri:0, instance:NewTest@79698539]" name="beforeTest" is-config="true" duration-ms="8514" started-at="2020-11-27T18:58:16Z" finished-at="2020-11-27T18:58:25Z">
          <reporter-output>
          </reporter-output>
        </test-method> <!-- beforeTest -->
        <test-method status="PASS" signature="testEasy()[pri:0, instance:NewTest@79698539]" name="testEasy" duration-ms="3462" started-at="2020-11-27T18:58:25Z" finished-at="2020-11-27T18:58:28Z">
          <reporter-output>
          </reporter-output>
        </test-method> <!-- testEasy -->
        <test-method status="PASS" signature="afterTest()[pri:0, instance:NewTest@79698539]" name="afterTest" is-config="true" duration-ms="1459" started-at="2020-11-27T18:58:28Z" finished-at="2020-11-27T18:58:30Z">
          <reporter-output>
          </reporter-output>
        </test-method> <!-- afterTest -->
      </class> <!-- NewTest -->
    </test> <!-- Test -->
  </suite> <!-- Suite -->
</testng-results>
